app/build/outputs/mapping/release/seeds.txt
com.google.android.gms.common.data.DataHolder
com.google.android.gms.common.data.DataHolder: com.google.android.gms.common.data.f CREATOR
com.google.android.gms.common.data.a
com.google.android.gms.common.data.a: android.os.Parcelable$Creator CREATOR
com.google.android.gms.common.images.ImageManager$ImageReceiver
com.google.android.gms.common.images.WebImage
com.google.android.gms.common.images.WebImage: android.os.Parcelable$Creator CREATOR
com.google.android.gms.common.internal.safeparcel.SafeParcelable
com.google.android.gms.common.internal.safeparcel.SafeParcelable: java.lang.String NULL
com.google.android.gms.drive.Contents
com.google.android.gms.drive.Contents: android.os.Parcelable$Creator CREATOR
com.google.android.gms.drive.DriveId
com.google.android.gms.drive.DriveId: android.os.Parcelable$Creator CREATOR
com.google.android.gms.drive.DrivePreferences
com.google.android.gms.drive.DrivePreferences: android.os.Parcelable$Creator CREATOR
com.google.android.gms.drive.RealtimeDocumentSyncRequest
com.google.android.gms.drive.RealtimeDocumentSyncRequest: android.os.Parcelable$Creator CREATOR
com.google.android.gms.drive.StorageStats
com.google.android.gms.drive.StorageStats: android.os.Parcelable$Creator CREATOR
com.google.android.gms.drive.UserMetadata
com.google.android.gms.drive.UserMetadata: android.os.Parcelable$Creator CREATOR
com.google.android.gms.drive.events.ChangeEvent
com.google.android.gms.drive.events.ChangeEvent: android.os.Parcelable$Creator CREATOR
com.google.android.gms.drive.events.CompletionEvent
com.google.android.gms.drive.events.CompletionEvent: android.os.Parcelable$Creator CREATOR
com.google.android.gms.drive.events.DriveEvent
com.google.android.gms.drive.events.ResourceEvent
com.google.android.gms.drive.i
com.google.android.gms.drive.internal.AddEventListenerRequest
com.google.android.gms.drive.internal.AddEventListenerRequest: android.os.Parcelable$Creator CREATOR
com.google.android.gms.drive.internal.AuthorizeAccessRequest
com.google.android.gms.drive.internal.AuthorizeAccessRequest: android.os.Parcelable$Creator CREATOR
com.google.android.gms.drive.internal.CancelPendingActionsRequest
com.google.android.gms.drive.internal.CancelPendingActionsRequest: android.os.Parcelable$Creator CREATOR
com.google.android.gms.drive.internal.CheckResourceIdsExistRequest
com.google.android.gms.drive.internal.CheckResourceIdsExistRequest: android.os.Parcelable$Creator CREATOR
com.google.android.gms.drive.internal.CloseContentsAndUpdateMetadataRequest
com.google.android.gms.drive.internal.CloseContentsAndUpdateMetadataRequest: android.os.Parcelable$Creator CREATOR
com.google.android.gms.drive.internal.CloseContentsRequest
com.google.android.gms.drive.internal.CloseContentsRequest: android.os.Parcelable$Creator CREATOR
com.google.android.gms.drive.internal.CreateContentsRequest
com.google.android.gms.drive.internal.CreateContentsRequest: android.os.Parcelable$Creator CREATOR
com.google.android.gms.drive.internal.CreateFileIntentSenderRequest
com.google.android.gms.drive.internal.CreateFileIntentSenderRequest: android.os.Parcelable$Creator CREATOR
com.google.android.gms.drive.internal.CreateFileRequest
com.google.android.gms.drive.internal.CreateFileRequest: android.os.Parcelable$Creator CREATOR
com.google.android.gms.drive.internal.CreateFolderRequest
com.google.android.gms.drive.internal.CreateFolderRequest: android.os.Parcelable$Creator CREATOR
com.google.android.gms.drive.internal.DeleteResourceRequest
com.google.android.gms.drive.internal.DeleteResourceRequest: android.os.Parcelable$Creator CREATOR
com.google.android.gms.drive.internal.DisconnectRequest
com.google.android.gms.drive.internal.DisconnectRequest: android.os.Parcelable$Creator CREATOR
com.google.android.gms.drive.internal.FileUploadPreferencesImpl
com.google.android.gms.drive.internal.FileUploadPreferencesImpl: android.os.Parcelable$Creator CREATOR