app/build/outputs/mapping/release/mapping.txt
android.support.v4.view.GravityCompat -> android.support.v4.view.j:
    android.support.v4.view.GravityCompat$GravityCompatImpl IMPL -> a
    int getAbsoluteGravity(int,int) -> a
android.support.v4.view.GravityCompat$GravityCompatImpl -> android.support.v4.view.k:
    int getAbsoluteGravity(int,int) -> a
android.support.v4.view.GravityCompat$GravityCompatImplBase -> android.support.v4.view.l:
    int getAbsoluteGravity(int,int) -> a
android.support.v4.view.GravityCompat$GravityCompatImplJellybeanMr1 -> android.support.v4.view.m:
    int getAbsoluteGravity(int,int) -> a
android.support.v4.view.GravityCompatJellybeanMr1 -> android.support.v4.view.n:
    int getAbsoluteGravity(int,int) -> a
android.support.v4.view.KeyEventCompat -> android.support.v4.view.o:
    android.support.v4.view.KeyEventCompat$KeyEventVersionImpl IMPL -> a
    boolean hasModifiers(android.view.KeyEvent,int) -> a
    boolean hasNoModifiers(android.view.KeyEvent) -> a
    void startTracking(android.view.KeyEvent) -> b
android.support.v4.view.KeyEventCompat$BaseKeyEventVersionImpl -> android.support.v4.view.p:
    int metaStateFilterDirectionalModifiers(int,int,int,int,int) -> a
    int normalizeMetaState(int) -> a
    boolean metaStateHasModifiers(int,int) -> a
    boolean metaStateHasNoModifiers(int) -> b
    void startTracking(android.view.KeyEvent) -> a
android.support.v4.view.KeyEventCompat$EclairKeyEventVersionImpl -> android.support.v4.view.q:
    void startTracking(android.view.KeyEvent) -> a
android.support.v4.view.KeyEventCompat$HoneycombKeyEventVersionImpl -> android.support.v4.view.r:
    int normalizeMetaState(int) -> a
    boolean metaStateHasModifiers(int,int) -> a
    boolean metaStateHasNoModifiers(int) -> b
android.support.v4.view.KeyEventCompat$KeyEventVersionImpl -> android.support.v4.view.s:
    boolean metaStateHasModifiers(int,int) -> a
    boolean metaStateHasNoModifiers(int) -> b
    void startTracking(android.view.KeyEvent) -> a
android.support.v4.view.KeyEventCompatEclair -> android.support.v4.view.t:
    void startTracking(android.view.KeyEvent) -> a
android.support.v4.view.KeyEventCompatHoneycomb -> android.support.v4.view.u:
    int normalizeMetaState(int) -> a
    boolean metaStateHasModifiers(int,int) -> a
    boolean metaStateHasNoModifiers(int) -> b
android.support.v4.view.MarginLayoutParamsCompat -> android.support.v4.view.v:
    android.support.v4.view.MarginLayoutParamsCompat$MarginLayoutParamsCompatImpl IMPL -> a
    int getMarginStart(android.view.ViewGroup$MarginLayoutParams) -> a
    int getMarginEnd(android.view.ViewGroup$MarginLayoutParams) -> b
android.support.v4.view.MarginLayoutParamsCompat$MarginLayoutParamsCompatImpl -> android.support.v4.view.w:
    int getMarginStart(android.view.ViewGroup$MarginLayoutParams) -> a
    int getMarginEnd(android.view.ViewGroup$MarginLayoutParams) -> b
android.support.v4.view.MarginLayoutParamsCompat$MarginLayoutParamsCompatImplBase -> android.support.v4.view.x:
    int getMarginStart(android.view.ViewGroup$MarginLayoutParams) -> a
    int getMarginEnd(android.view.ViewGroup$MarginLayoutParams) -> b
android.support.v4.view.MarginLayoutParamsCompat$MarginLayoutParamsCompatImplJbMr1 -> android.support.v4.view.y:
    int getMarginStart(android.view.ViewGroup$MarginLayoutParams) -> a
    int getMarginEnd(android.view.ViewGroup$MarginLayoutParams) -> b
android.support.v4.view.MarginLayoutParamsCompatJellybeanMr1 -> android.support.v4.view.z:
    int getMarginStart(android.view.ViewGroup$MarginLayoutParams) -> a
    int getMarginEnd(android.view.ViewGroup$MarginLayoutParams) -> b