app/build/outputs/mapping/release/usage.txt
android.support.annotation.AnimRes
android.support.annotation.AnimatorRes
android.support.annotation.AnyRes
android.support.annotation.ArrayRes
android.support.annotation.AttrRes
android.support.annotation.BoolRes
android.support.annotation.ColorRes
android.support.annotation.DimenRes
android.support.annotation.DrawableRes
android.support.annotation.FractionRes
android.support.annotation.IdRes
android.support.annotation.IntDef
android.support.annotation.IntegerRes
android.support.annotation.InterpolatorRes
android.support.annotation.LayoutRes
android.support.annotation.MenuRes
android.support.annotation.NonNull
android.support.annotation.Nullable
android.support.annotation.PluralsRes
android.support.annotation.RawRes
android.support.annotation.StringDef
android.support.annotation.StringRes
android.support.annotation.StyleRes
android.support.annotation.StyleableRes
android.support.annotation.XmlRes
android.support.v4.BuildConfig
android.support.v4.accessibilityservice.AccessibilityServiceInfoCompat
android.support.v4.accessibilityservice.AccessibilityServiceInfoCompat$AccessibilityServiceInfoIcsImpl
android.support.v4.accessibilityservice.AccessibilityServiceInfoCompat$AccessibilityServiceInfoJellyBeanMr2
android.support.v4.accessibilityservice.AccessibilityServiceInfoCompat$AccessibilityServiceInfoStubImpl
android.support.v4.accessibilityservice.AccessibilityServiceInfoCompat$AccessibilityServiceInfoVersionImpl
android.support.v4.accessibilityservice.AccessibilityServiceInfoCompatIcs
android.support.v4.accessibilityservice.AccessibilityServiceInfoCompatJellyBeanMr2
android.support.v4.app.ActionBarDrawerToggle
android.support.v4.app.ActionBarDrawerToggle$1
android.support.v4.app.ActionBarDrawerToggle$ActionBarDrawerToggleImpl
android.support.v4.app.ActionBarDrawerToggle$ActionBarDrawerToggleImplBase
android.support.v4.app.ActionBarDrawerToggle$ActionBarDrawerToggleImplHC
android.support.v4.app.ActionBarDrawerToggle$ActionBarDrawerToggleImplJellybeanMR2
android.support.v4.app.ActionBarDrawerToggle$Delegate
android.support.v4.app.ActionBarDrawerToggle$DelegateProvider
android.support.v4.app.ActionBarDrawerToggle$SlideDrawable
android.support.v4.app.ActionBarDrawerToggleHoneycomb
android.support.v4.app.ActionBarDrawerToggleHoneycomb$SetIndicatorInfo
android.support.v4.app.ActionBarDrawerToggleJellybeanMR2
android.support.v4.app.ActivityCompat:
    38:217:public ActivityCompat()
    72:76:public static boolean invalidateOptionsMenu(android.app.Activity)
    97:102:public static void startActivity(android.app.Activity,android.content.Intent,android.os.Bundle)
    126:131:public static void startActivityForResult(android.app.Activity,android.content.Intent,int,android.os.Bundle)
    175:178:public static void setEnterSharedElementCallback(android.app.Activity,android.support.v4.app.SharedElementCallback)
    191:194:public static void setExitSharedElementCallback(android.app.Activity,android.support.v4.app.SharedElementCallback)
    197:200:public static void postponeEnterTransition(android.app.Activity)
    203:206:public static void startPostponedEnterTransition(android.app.Activity)
    210:214:private static android.support.v4.app.ActivityCompat21$SharedElementCallback21 createCallback(android.support.v4.app.SharedElementCallback)
android.support.v4.app.ActivityCompat$SharedElementCallback21Impl